TN:
SF:/app/projects/libraries/router-0.0.1/src/Controller.js
FN:9,(anonymous_0)
FN:11,(anonymous_1)
FN:20,(anonymous_2)
FNF:3
FNH:1
FNDA:1,(anonymous_0)
FNDA:0,(anonymous_1)
FNDA:0,(anonymous_2)
DA:1,1
DA:3,1
DA:8,1
DA:9,1
DA:12,0
DA:13,0
DA:21,0
LF:7
LH:4
BRDA:12,0,0,0
BRDA:12,0,1,0
BRF:2
BRH:0
end_of_record
TN:
SF:/app/projects/libraries/router-0.0.1/src/ControllerFactory.js
FN:11,(anonymous_0)
FN:13,(anonymous_1)
FN:25,(anonymous_2)
FNF:3
FNH:1
FNDA:1,(anonymous_0)
FNDA:0,(anonymous_1)
FNDA:0,(anonymous_2)
DA:1,1
DA:3,1
DA:4,1
DA:5,1
DA:10,1
DA:11,1
DA:14,0
DA:15,0
DA:26,0
LF:9
LH:6
BRDA:14,0,0,0
BRDA:14,0,1,0
BRF:2
BRH:0
end_of_record
TN:
SF:/app/projects/libraries/router-0.0.1/src/Request.js
FN:4,(anonymous_0)
FN:11,(anonymous_1)
FN:20,(anonymous_2)
FN:28,(anonymous_3)
FN:36,(anonymous_4)
FNF:5
FNH:5
FNDA:1,(anonymous_0)
FNDA:2,(anonymous_1)
FNDA:1,(anonymous_2)
FNDA:3,(anonymous_3)
FNDA:1,(anonymous_4)
DA:1,2
DA:3,2
DA:4,1
DA:12,2
DA:13,2
DA:14,2
DA:21,1
DA:29,3
DA:37,1
LF:9
LH:9
BRDA:29,0,0,3
BRDA:29,0,1,2
BRDA:37,1,0,1
BRDA:37,1,1,0
BRF:4
BRH:3
end_of_record
TN:
SF:/app/projects/libraries/router-0.0.1/src/Router.js
FN:8,(anonymous_0)
FN:14,(anonymous_1)
FN:23,(anonymous_2)
FN:35,(anonymous_3)
FNF:4
FNH:4
FNDA:1,(anonymous_0)
FNDA:3,(anonymous_1)
FNDA:3,(anonymous_2)
FNDA:3,(anonymous_3)
DA:1,1
DA:3,1
DA:4,1
DA:5,1
DA:7,1
DA:8,1
DA:15,3
DA:16,3
DA:24,3
DA:25,1
DA:27,1
DA:36,3
DA:37,3
DA:38,1
DA:42,2
LF:15
LH:15
BRDA:37,0,0,1
BRDA:37,0,1,2
BRF:2
BRH:2
end_of_record
TN:
SF:/app/projects/libraries/router-0.0.1/src/RouterException.js
FN:7,(anonymous_0)
FNF:1
FNH:1
FNDA:1,(anonymous_0)
DA:1,1
DA:6,1
DA:7,1
LF:3
LH:3
BRF:0
BRH:0
end_of_record
